<?xml version="1.0" encoding="UTF-8"?>
<testsuite xmlns:xsi="http://www.w3.org/2001/XMLSchema-instance" xsi:noNamespaceSchemaLocation="https://maven.apache.org/surefire/maven-surefire-plugin/xsd/surefire-test-report-3.0.xsd" version="3.0" name="com.hotel.automation.ReportGeneratorTest" time="0.503" tests="7" errors="0" skipped="0" failures="0">
  <properties>
[...]
</properties>
  <testcase name="testReportFileFormat" classname="com.hotel.automation.ReportGeneratorTest" time="0.413">
    <system-out><![CDATA[Starting ReportGenerator tests...
Report generated successfully: Test_Report.docx
]]></system-out>
    <system-err><![CDATA[ERROR StatusLogger Log4j2 could not find a logging implementation. Please add log4j-core to the classpath. Using SimpleLogger to log to the console...
]]></system-err>
  </testcase>
  <testcase name="testReportGeneratorCreation" classname="com.hotel.automation.ReportGeneratorTest" time="0.0"/>
  <testcase name="testGenerateReportDefaultFilename" classname="com.hotel.automation.ReportGeneratorTest" time="0.018">
    <system-out><![CDATA[Report generated successfully: Hotel_Price_Analysis_Report.docx
]]></system-out>
  </testcase>
  <testcase name="testGenerateReportMultipleCombinations" classname="com.hotel.automation.ReportGeneratorTest" time="0.036">
    <system-out><![CDATA[Report generated successfully: Test_Report.docx
]]></system-out>
  </testcase>
  <testcase name="testGenerateReportWithEmptyData" classname="com.hotel.automation.ReportGeneratorTest" time="0.012">
    <system-out><![CDATA[Report generated successfully: Test_Report.docx
]]></system-out>
  </testcase>
  <testcase name="testGenerateReportWithValidData" classname="com.hotel.automation.ReportGeneratorTest" time="0.016">
    <system-out><![CDATA[Report generated successfully: Test_Report.docx
]]></system-out>
  </testcase>
  <testcase name="testGetDefaultReportName" classname="com.hotel.automation.ReportGeneratorTest" time="0.001"/>
</testsuite>